Flow report for SCPU
Fri May 22 21:18:01 2020
Quartus II 64-Bit Version 13.0.1 Build 232 06/12/2013 Service Pack 1 SJ Full Version


---------------------
; Table of Contents ;
---------------------
  1. Legal Notice
  2. Flow Summary
  3. Flow Settings
  4. Flow Non-Default Global Settings
  5. Flow Elapsed Time
  6. Flow OS Summary
  7. Flow Log
  8. Flow Messages
  9. Flow Suppressed Messages



----------------
; Legal Notice ;
----------------
Copyright (C) 1991-2013 Altera Corporation
Your use of Altera Corporation's design tools, logic functions 
and other software and tools, and its AMPP partner logic 
functions, and any output files from any of the foregoing 
(including device programming or simulation files), and any 
associated documentation or information are expressly subject 
to the terms and conditions of the Altera Program License 
Subscription Agreement, Altera MegaCore Function License 
Agreement, or other applicable license agreement, including, 
without limitation, that your use is for the sole purpose of 
programming logic devices manufactured by Altera and sold by 
Altera or its authorized distributors.  Please refer to the 
applicable agreement for further details.



+---------------------------------------------------------------------------------------+
; Flow Summary                                                                          ;
+------------------------------------+--------------------------------------------------+
; Flow Status                        ; Successful - Fri May 22 21:18:01 2020            ;
; Quartus II 64-Bit Version          ; 13.0.1 Build 232 06/12/2013 SP 1 SJ Full Version ;
; Revision Name                      ; SCPU                                             ;
; Top-level Entity Name              ; SCPU                                             ;
; Family                             ; Cyclone II                                       ;
; Total logic elements               ; 956 / 33,216 ( 3 % )                             ;
;     Total combinational functions  ; 953 / 33,216 ( 3 % )                             ;
;     Dedicated logic registers      ; 282 / 33,216 ( < 1 % )                           ;
; Total registers                    ; 282                                              ;
; Total pins                         ; 408 / 475 ( 86 % )                               ;
; Total virtual pins                 ; 0                                                ;
; Total memory bits                  ; 16,384 / 483,840 ( 3 % )                         ;
; Embedded Multiplier 9-bit elements ; 0 / 70 ( 0 % )                                   ;
; Total PLLs                         ; 0 / 4 ( 0 % )                                    ;
; Device                             ; EP2C35F672C6                                     ;
; Timing Models                      ; Final                                            ;
+------------------------------------+--------------------------------------------------+


+-----------------------------------------+
; Flow Settings                           ;
+-------------------+---------------------+
; Option            ; Setting             ;
+-------------------+---------------------+
; Start date & time ; 05/22/2020 21:17:07 ;
; Main task         ; Compilation         ;
; Revision Name     ; SCPU                ;
+-------------------+---------------------+


+----------------------------------------------------------------------------------------------------------------------------------------------------------------------------------------------------+
; Flow Non-Default Global Settings                                                                                                                                                                   ;
+--------------------------------------+--------------------------------------------------------------------------------------------------------------+---------------+-------------+----------------+
; Assignment Name                      ; Value                                                                                                        ; Default Value ; Entity Name ; Section Id     ;
+--------------------------------------+--------------------------------------------------------------------------------------------------------------+---------------+-------------+----------------+
; COMPILER_SIGNATURE_ID                ; 220295151548220.159015342614872                                                                              ; --            ; --          ; --             ;
; EDA_DESIGN_INSTANCE_NAME             ; NA                                                                                                           ; --            ; --          ; SCPU_test      ;
; EDA_NATIVELINK_SIMULATION_TEST_BENCH ; SCPU_test                                                                                                    ; --            ; --          ; eda_simulation ;
; EDA_OUTPUT_DATA_FORMAT               ; Verilog Hdl                                                                                                  ; --            ; --          ; eda_simulation ;
; EDA_RUN_TOOL_AUTOMATICALLY           ; Off                                                                                                          ; --            ; --          ; eda_simulation ;
; EDA_SIMULATION_TOOL                  ; ModelSim-Altera (Verilog)                                                                                    ; <None>        ; --          ; --             ;
; EDA_TEST_BENCH_ENABLE_STATUS         ; TEST_BENCH_MODE                                                                                              ; --            ; --          ; eda_simulation ;
; EDA_TEST_BENCH_FILE                  ; SCPU_test.v                                                                                                  ; --            ; --          ; SCPU_test      ;
; EDA_TEST_BENCH_MODULE_NAME           ; SCPU_test                                                                                                    ; --            ; --          ; SCPU_test      ;
; EDA_TEST_BENCH_NAME                  ; SCPU_test                                                                                                    ; --            ; --          ; eda_simulation ;
; EDA_TIME_SCALE                       ; 1 ps                                                                                                         ; --            ; --          ; eda_simulation ;
; ENABLE_SIGNALTAP                     ; On                                                                                                           ; --            ; --          ; --             ;
; IP_TOOL_NAME                         ; RAM: 1-PORT                                                                                                  ; --            ; --          ; --             ;
; IP_TOOL_NAME                         ; ROM: 1-PORT                                                                                                  ; --            ; --          ; --             ;
; IP_TOOL_VERSION                      ; 13.0                                                                                                         ; --            ; --          ; --             ;
; IP_TOOL_VERSION                      ; 13.0                                                                                                         ; --            ; --          ; --             ;
; MISC_FILE                            ; DataRAM.bsf                                                                                                  ; --            ; --          ; --             ;
; MISC_FILE                            ; DataRAM_bb.v                                                                                                 ; --            ; --          ; --             ;
; MISC_FILE                            ; InstrROM.bsf                                                                                                 ; --            ; --          ; --             ;
; MISC_FILE                            ; InstrROM_bb.v                                                                                                ; --            ; --          ; --             ;
; PARTITION_COLOR                      ; 16764057                                                                                                     ; --            ; --          ; Top            ;
; PARTITION_FITTER_PRESERVATION_LEVEL  ; PLACEMENT_AND_ROUTING                                                                                        ; --            ; --          ; Top            ;
; PARTITION_NETLIST_TYPE               ; SOURCE                                                                                                       ; --            ; --          ; Top            ;
; PROJECT_OUTPUT_DIRECTORY             ; output_files                                                                                                 ; --            ; --          ; --             ;
; SLD_FILE                             ; C:/Users/SC/Documents/Sophomoreii/COAD/experiment/exp3/SingleCPU(1)/SCPU/output_files/stp1_auto_stripped.stp ; --            ; --          ; --             ;
; USE_SIGNALTAP_FILE                   ; output_files/stp1.stp                                                                                        ; --            ; --          ; --             ;
+--------------------------------------+--------------------------------------------------------------------------------------------------------------+---------------+-------------+----------------+


+-------------------------------------------------------------------------------------------------------------------------------+
; Flow Elapsed Time                                                                                                             ;
+---------------------------+--------------+-------------------------+---------------------+------------------------------------+
; Module Name               ; Elapsed Time ; Average Processors Used ; Peak Virtual Memory ; Total CPU Time (on all processors) ;
+---------------------------+--------------+-------------------------+---------------------+------------------------------------+
; Analysis & Synthesis      ; 00:00:09     ; 1.0                     ; 4614 MB             ; 00:00:07                           ;
; Fitter                    ; 00:00:26     ; 1.3                     ; 5103 MB             ; 00:00:27                           ;
; Assembler                 ; 00:00:04     ; 1.0                     ; 4587 MB             ; 00:00:04                           ;
; TimeQuest Timing Analyzer ; 00:00:04     ; 1.0                     ; 4620 MB             ; 00:00:03                           ;
; EDA Netlist Writer        ; 00:00:03     ; 1.0                     ; 4564 MB             ; 00:00:02                           ;
; Total                     ; 00:00:46     ; --                      ; --                  ; 00:00:43                           ;
+---------------------------+--------------+-------------------------+---------------------+------------------------------------+


+----------------------------------------------------------------------------------------+
; Flow OS Summary                                                                        ;
+---------------------------+------------------+-----------+------------+----------------+
; Module Name               ; Machine Hostname ; OS Name   ; OS Version ; Processor type ;
+---------------------------+------------------+-----------+------------+----------------+
; Analysis & Synthesis      ; DESKTOP-A1GBR7G  ; Windows 7 ; 6.2        ; x86_64         ;
; Fitter                    ; DESKTOP-A1GBR7G  ; Windows 7 ; 6.2        ; x86_64         ;
; Assembler                 ; DESKTOP-A1GBR7G  ; Windows 7 ; 6.2        ; x86_64         ;
; TimeQuest Timing Analyzer ; DESKTOP-A1GBR7G  ; Windows 7 ; 6.2        ; x86_64         ;
; EDA Netlist Writer        ; DESKTOP-A1GBR7G  ; Windows 7 ; 6.2        ; x86_64         ;
+---------------------------+------------------+-----------+------------+----------------+


------------
; Flow Log ;
------------
quartus_map --read_settings_files=on --write_settings_files=off SCPU -c SCPU
quartus_fit --read_settings_files=off --write_settings_files=off SCPU -c SCPU
quartus_asm --read_settings_files=off --write_settings_files=off SCPU -c SCPU
quartus_sta SCPU -c SCPU
quartus_eda --read_settings_files=off --write_settings_files=off SCPU -c SCPU



